<?xml version="1.0" encoding="UTF-8"?>
<!-- Generated by org.testng.reporters.JUnitReportReporter -->
<testsuite hostname="LAPTOP-SVCR5S9B" failures="0" tests="1" name="com.qa.DropDown.DropDown" time="16.539" errors="0" timestamp="2024-03-29T13:10:35 IST" skipped="0">
  <testcase classname="com.qa.DropDown.DropDown" name="initilize" time="16.539"/>
  <system-out/>
</testsuite> <!-- com.qa.DropDown.DropDown -->
